<?xml version="1.0" encoding="UTF-8"?>
<testng-results ignored="0" total="1" passed="1" failed="0" skipped="0">
  <reporter-output>
  </reporter-output>
  <suite started-at="2023-11-30T15:27:24 IST" name="Default suite" finished-at="2023-11-30T15:30:36 IST" duration-ms="192197">
    <groups>
    </groups>
    <test started-at="2023-11-30T15:27:24 IST" name="Default test" finished-at="2023-11-30T15:30:36 IST" duration-ms="192197">
      <class name="hello.SampleTest">
        <test-method signature="mtest()[pri:0, instance:hello.SampleTest@3012646b]" started-at="2023-11-30T15:27:25 IST" name="mtest" finished-at="2023-11-30T15:30:36 IST" duration-ms="190848" status="PASS">
          <reporter-output>
          </reporter-output>
        </test-method> <!-- mtest -->
      </class> <!-- hello.SampleTest -->
    </test> <!-- Default test -->
  </suite> <!-- Default suite -->
</testng-results>
